This is pdfTeX, Version 3.141592653-2.6-1.40.25 (MiKTeX 23.4) (preloaded format=pdflatex 2023.6.13)  22 SEP 2023 23:11
entering extended mode
 restricted \write18 enabled.
 %&-line parsing enabled.
**"C:/parseGBIF - github.com/parseGBIF/.Rd2pdf12980/Rd2.tex"
(C:/parseGBIF - github.com/parseGBIF/.Rd2pdf12980/Rd2.tex
LaTeX2e <2022-11-01> patch level 1
L3 programming layer <2023-03-30>
(C:\Users\Pablo Hendrigo\AppData\Local\Programs\MiKTeX\tex/latex/base\book.cls
Document Class: book 2022/07/02 v1.4n Standard LaTeX document class
(C:\Users\Pablo Hendrigo\AppData\Local\Programs\MiKTeX\tex/latex/base\bk10.clo
File: bk10.clo 2022/07/02 v1.4n Standard LaTeX file (size option)
)
\c@part=\count185
\c@chapter=\count186
\c@section=\count187
\c@subsection=\count188
\c@subsubsection=\count189
\c@paragraph=\count190
\c@subparagraph=\count191
\c@figure=\count192
\c@table=\count193
\abovecaptionskip=\skip48
\belowcaptionskip=\skip49
\bibindent=\dimen140
) (C:/PROGRA~1/R/R-43~1.1/share/texmf/tex/latex\Rd.sty
Package: Rd 

(C:\Users\Pablo Hendrigo\AppData\Local\Programs\MiKTeX\tex/latex/base\ifthen.st
y
Package: ifthen 2022/04/13 v1.1d Standard LaTeX ifthen package (DPC)
)
(C:\Users\Pablo Hendrigo\AppData\Local\Programs\MiKTeX\tex/latex/tools\longtabl
e.sty
Package: longtable 2021-09-01 v4.17 Multi-page Table package (DPC)
\LTleft=\skip50
\LTright=\skip51
\LTpre=\skip52
\LTpost=\skip53
\LTchunksize=\count194
\LTcapwidth=\dimen141
\LT@head=\box51
\LT@firsthead=\box52
\LT@foot=\box53
\LT@lastfoot=\box54
\LT@gbox=\box55
\LT@cols=\count195
\LT@rows=\count196
\c@LT@tables=\count197
\c@LT@chunks=\count198
\LT@p@ftn=\toks16
)
(C:\Users\Pablo Hendrigo\AppData\Local\Programs\MiKTeX\tex/latex/tools\bm.sty
Package: bm 2022/01/05 v1.2f Bold Symbol Support (DPC/FMi)
\symboldoperators=\mathgroup4
\symboldletters=\mathgroup5
\symboldsymbols=\mathgroup6
Package bm Info: No bold for \OMX/cmex/m/n, using \pmb.
LaTeX Font Info:    Redeclaring math alphabet \mathbf on input line 149.
)
(C:\Users\Pablo Hendrigo\AppData\Local\Programs\MiKTeX\tex/latex/base\alltt.sty
Package: alltt 2021/01/29 v2.0g defines alltt environment
)
(C:\Users\Pablo Hendrigo\AppData\Local\Programs\MiKTeX\tex/latex/tools\verbatim
.sty
Package: verbatim 2022-07-02 v1.5u LaTeX2e package for verbatim enhancements
\every@verbatim=\toks17
\verbatim@line=\toks18
\verbatim@in@stream=\read2
)
(C:\Users\Pablo Hendrigo\AppData\Local\Programs\MiKTeX\tex/latex/url\url.sty
\Urlmuskip=\muskip16
Package: url 2013/09/16  ver 3.4  Verb mode for urls, etc.
)
(C:\Users\Pablo Hendrigo\AppData\Local\Programs\MiKTeX\tex/latex/base\textcomp.
sty
Package: textcomp 2020/02/02 v2.0n Standard LaTeX package
)
(C:\Users\Pablo Hendrigo\AppData\Local\Programs\MiKTeX\tex/latex/amsmath\amsmat
h.sty
Package: amsmath 2022/04/08 v2.17n AMS math features
\@mathmargin=\skip54

For additional information on amsmath, use the `?' option.

(C:\Users\Pablo Hendrigo\AppData\Local\Programs\MiKTeX\tex/latex/amsmath\amstex
t.sty
Package: amstext 2021/08/26 v2.01 AMS text

(C:\Users\Pablo Hendrigo\AppData\Local\Programs\MiKTeX\tex/latex/amsmath\amsgen
.sty
File: amsgen.sty 1999/11/30 v2.0 generic functions
\@emptytoks=\toks19
\ex@=\dimen142
))
(C:\Users\Pablo Hendrigo\AppData\Local\Programs\MiKTeX\tex/latex/amsmath\amsbsy
.sty
Package: amsbsy 1999/11/29 v1.2d Bold Symbols
LaTeX Info: Redefining \boldsymbol on input line 28.
\pmbraise@=\dimen143
)
(C:\Users\Pablo Hendrigo\AppData\Local\Programs\MiKTeX\tex/latex/amsmath\amsopn
.sty
Package: amsopn 2022/04/08 v2.04 operator names
)
\inf@bad=\count199
LaTeX Info: Redefining \frac on input line 234.
\uproot@=\count266
\leftroot@=\count267
LaTeX Info: Redefining \overline on input line 399.
LaTeX Info: Redefining \colon on input line 410.
\classnum@=\count268
\DOTSCASE@=\count269
LaTeX Info: Redefining \ldots on input line 496.
LaTeX Info: Redefining \dots on input line 499.
LaTeX Info: Redefining \cdots on input line 620.
\Mathstrutbox@=\box56
\strutbox@=\box57
LaTeX Info: Redefining \big on input line 722.
LaTeX Info: Redefining \Big on input line 723.
LaTeX Info: Redefining \bigg on input line 724.
LaTeX Info: Redefining \Bigg on input line 725.
\big@size=\dimen144
LaTeX Font Info:    Redeclaring font encoding OML on input line 743.
LaTeX Font Info:    Redeclaring font encoding OMS on input line 744.
\macc@depth=\count270
LaTeX Info: Redefining \bmod on input line 905.
LaTeX Info: Redefining \pmod on input line 910.
LaTeX Info: Redefining \smash on input line 940.
LaTeX Info: Redefining \relbar on input line 970.
LaTeX Info: Redefining \Relbar on input line 971.
\c@MaxMatrixCols=\count271
\dotsspace@=\muskip17
\c@parentequation=\count272
\dspbrk@lvl=\count273
\tag@help=\toks20
\row@=\count274
\column@=\count275
\maxfields@=\count276
\andhelp@=\toks21
\eqnshift@=\dimen145
\alignsep@=\dimen146
\tagshift@=\dimen147
\tagwidth@=\dimen148
\totwidth@=\dimen149
\lineht@=\dimen150
\@envbody=\toks22
\multlinegap=\skip55
\multlinetaggap=\skip56
\mathdisplay@stack=\toks23
LaTeX Info: Redefining \[ on input line 2953.
LaTeX Info: Redefining \] on input line 2954.
)
(C:\Users\Pablo Hendrigo\AppData\Local\Programs\MiKTeX\tex/latex/amsfonts\amsfo
nts.sty
Package: amsfonts 2013/01/14 v3.01 Basic AMSFonts support
\symAMSa=\mathgroup7
\symAMSb=\mathgroup8
LaTeX Font Info:    Redeclaring math symbol \hbar on input line 98.
LaTeX Font Info:    Overwriting math alphabet `\mathfrak' in version `bold'
(Font)                  U/euf/m/n --> U/euf/b/n on input line 106.
)
(C:\Users\Pablo Hendrigo\AppData\Local\Programs\MiKTeX\tex/latex/amsfonts\amssy
mb.sty
Package: amssymb 2013/01/14 v3.01 AMS font symbols
)
(C:\Users\Pablo Hendrigo\AppData\Local\Programs\MiKTeX\tex/latex/jknappen\mathr
sfs.sty
Package: mathrsfs 1996/01/01 Math RSFS package v1.0 (jk)
\symrsfs=\mathgroup9
)
\ldescriptionwidth=\skip57

(C:\Users\Pablo Hendrigo\AppData\Local\Programs\MiKTeX\tex/generic/iftex\iftex.
sty
Package: iftex 2022/02/03 v1.0f TeX engine tests
)
(C:\Users\Pablo Hendrigo\AppData\Local\Programs\MiKTeX\tex/latex/base\fontenc.s
ty
Package: fontenc 2021/04/29 v2.0v Standard LaTeX package
)
(C:\Users\Pablo Hendrigo\AppData\Local\Programs\MiKTeX\tex/latex/psnfss\times.s
ty
Package: times 2020/03/25 PSNFSS-v9.3 (SPQR) 
)
(C:\Users\Pablo Hendrigo\AppData\Local\Programs\MiKTeX\tex/latex/inconsolata\zi
4.sty
Package: zi4 2019/05/17 v1.12

`inconsolata-zi4' v1.12, 2019/05/17 Text macros for Inconsolata (msharpe)
(C:\Users\Pablo Hendrigo\AppData\Local\Programs\MiKTeX\tex/latex/xkeyval\xkeyva
l.sty
Package: xkeyval 2022/06/16 v2.9 package option processing (HA)

(C:\Users\Pablo Hendrigo\AppData\Local\Programs\MiKTeX\tex/generic/xkeyval\xkey
val.tex
(C:\Users\Pablo Hendrigo\AppData\Local\Programs\MiKTeX\tex/generic/xkeyval\xkvu
tils.tex
\XKV@toks=\toks24
\XKV@tempa@toks=\toks25

(C:\Users\Pablo Hendrigo\AppData\Local\Programs\MiKTeX\tex/generic/xkeyval\keyv
al.tex))
\XKV@depth=\count277
File: xkeyval.tex 2014/12/03 v2.7a key=value parser (HA)
))
\zifour@ocount=\count278
)
(C:\Users\Pablo Hendrigo\AppData\Local\Programs\MiKTeX\tex/latex/graphics\color
.sty
Package: color 2022/01/06 v1.3d Standard LaTeX Color (DPC)

(C:\Users\Pablo Hendrigo\AppData\Local\Programs\MiKTeX\tex/latex/graphics-cfg\c
olor.cfg
File: color.cfg 2016/01/02 v1.6 sample color configuration
)
Package color Info: Driver file: pdftex.def on input line 149.

(C:\Users\Pablo Hendrigo\AppData\Local\Programs\MiKTeX\tex/latex/graphics-def\p
dftex.def
File: pdftex.def 2022/09/22 v1.2b Graphics/color driver for pdftex
)
(C:\Users\Pablo Hendrigo\AppData\Local\Programs\MiKTeX\tex/latex/graphics\mathc
olor.ltx))
(C:\Users\Pablo Hendrigo\AppData\Local\Programs\MiKTeX\tex/latex/hyperref\hyper
ref.sty
Package: hyperref 2023-02-07 v7.00v Hypertext links for LaTeX

(C:\Users\Pablo Hendrigo\AppData\Local\Programs\MiKTeX\tex/generic/ltxcmds\ltxc
mds.sty
Package: ltxcmds 2020-05-10 v1.25 LaTeX kernel commands for general use (HO)
)
(C:\Users\Pablo Hendrigo\AppData\Local\Programs\MiKTeX\tex/generic/pdftexcmds\p
dftexcmds.sty
Package: pdftexcmds 2020-06-27 v0.33 Utility functions of pdfTeX for LuaTeX (HO
)

(C:\Users\Pablo Hendrigo\AppData\Local\Programs\MiKTeX\tex/generic/infwarerr\in
fwarerr.sty
Package: infwarerr 2019/12/03 v1.5 Providing info/warning/error messages (HO)
)
Package pdftexcmds Info: \pdf@primitive is available.
Package pdftexcmds Info: \pdf@ifprimitive is available.
Package pdftexcmds Info: \pdfdraftmode found.
)
(C:\Users\Pablo Hendrigo\AppData\Local\Programs\MiKTeX\tex/latex/kvsetkeys\kvse
tkeys.sty
Package: kvsetkeys 2022-10-05 v1.19 Key value parser (HO)
)
(C:\Users\Pablo Hendrigo\AppData\Local\Programs\MiKTeX\tex/generic/kvdefinekeys
\kvdefinekeys.sty
Package: kvdefinekeys 2019-12-19 v1.6 Define keys (HO)
)
(C:\Users\Pablo Hendrigo\AppData\Local\Programs\MiKTeX\tex/generic/pdfescape\pd
fescape.sty
Package: pdfescape 2019/12/09 v1.15 Implements pdfTeX's escape features (HO)
)
(C:\Users\Pablo Hendrigo\AppData\Local\Programs\MiKTeX\tex/latex/hycolor\hycolo
r.sty
Package: hycolor 2020-01-27 v1.10 Color options for hyperref/bookmark (HO)
)
(C:\Users\Pablo Hendrigo\AppData\Local\Programs\MiKTeX\tex/latex/letltxmacro\le
tltxmacro.sty
Package: letltxmacro 2019/12/03 v1.6 Let assignment for LaTeX macros (HO)
)
(C:\Users\Pablo Hendrigo\AppData\Local\Programs\MiKTeX\tex/latex/auxhook\auxhoo
k.sty
Package: auxhook 2019-12-17 v1.6 Hooks for auxiliary files (HO)
)
(C:\Users\Pablo Hendrigo\AppData\Local\Programs\MiKTeX\tex/latex/hyperref\namer
ef.sty
Package: nameref 2022-05-17 v2.50 Cross-referencing by name of section

(C:\Users\Pablo Hendrigo\AppData\Local\Programs\MiKTeX\tex/latex/refcount\refco
unt.sty
Package: refcount 2019/12/15 v3.6 Data extraction from label references (HO)
)
(C:\Users\Pablo Hendrigo\AppData\Local\Programs\MiKTeX\tex/generic/gettitlestri
ng\gettitlestring.sty
Package: gettitlestring 2019/12/15 v1.6 Cleanup title references (HO)

(C:\Users\Pablo Hendrigo\AppData\Local\Programs\MiKTeX\tex/latex/kvoptions\kvop
tions.sty
Package: kvoptions 2022-06-15 v3.15 Key value format for package options (HO)
))
\c@section@level=\count279
)
\@linkdim=\dimen151
\Hy@linkcounter=\count280
\Hy@pagecounter=\count281

(C:\Users\Pablo Hendrigo\AppData\Local\Programs\MiKTeX\tex/latex/hyperref\pd1en
c.def
File: pd1enc.def 2023-02-07 v7.00v Hyperref: PDFDocEncoding definition (HO)
Now handling font encoding PD1 ...
... no UTF-8 mapping file for font encoding PD1
)
(C:\Users\Pablo Hendrigo\AppData\Local\Programs\MiKTeX\tex/generic/intcalc\intc
alc.sty
Package: intcalc 2019/12/15 v1.3 Expandable calculations with integers (HO)
)
(C:\Users\Pablo Hendrigo\AppData\Local\Programs\MiKTeX\tex/generic/etexcmds\ete
xcmds.sty
Package: etexcmds 2019/12/15 v1.7 Avoid name clashes with e-TeX commands (HO)
)
\Hy@SavedSpaceFactor=\count282

(C:\Users\Pablo Hendrigo\AppData\Local\Programs\MiKTeX\tex/latex/hyperref\puenc
.def
File: puenc.def 2023-02-07 v7.00v Hyperref: PDF Unicode definition (HO)
Now handling font encoding PU ...
... no UTF-8 mapping file for font encoding PU
)
Package hyperref Info: Hyper figures OFF on input line 4177.
Package hyperref Info: Link nesting OFF on input line 4182.
Package hyperref Info: Hyper index ON on input line 4185.
Package hyperref Info: Plain pages OFF on input line 4192.
Package hyperref Info: Backreferencing OFF on input line 4197.
Package hyperref Info: Implicit mode ON; LaTeX internals redefined.
Package hyperref Info: Bookmarks ON on input line 4425.
\c@Hy@tempcnt=\count283
LaTeX Info: Redefining \url on input line 4763.
\XeTeXLinkMargin=\dimen152

(C:\Users\Pablo Hendrigo\AppData\Local\Programs\MiKTeX\tex/generic/bitset\bitse
t.sty
Package: bitset 2019/12/09 v1.3 Handle bit-vector datatype (HO)

(C:\Users\Pablo Hendrigo\AppData\Local\Programs\MiKTeX\tex/generic/bigintcalc\b
igintcalc.sty
Package: bigintcalc 2019/12/15 v1.5 Expandable calculations on big integers (HO
)
))
\Fld@menulength=\count284
\Field@Width=\dimen153
\Fld@charsize=\dimen154
Package hyperref Info: Hyper figures OFF on input line 6042.
Package hyperref Info: Link nesting OFF on input line 6047.
Package hyperref Info: Hyper index ON on input line 6050.
Package hyperref Info: backreferencing OFF on input line 6057.
Package hyperref Info: Link coloring OFF on input line 6062.
Package hyperref Info: Link coloring with OCG OFF on input line 6067.
Package hyperref Info: PDF/A mode OFF on input line 6072.

(C:\Users\Pablo Hendrigo\AppData\Local\Programs\MiKTeX\tex/latex/base\atbegshi-
ltx.sty
Package: atbegshi-ltx 2021/01/10 v1.0c Emulation of the original atbegshi
package with kernel methods
)
\Hy@abspage=\count285
\c@Item=\count286
\c@Hfootnote=\count287
)
Package hyperref Info: Driver (autodetected): hpdftex.

(C:\Users\Pablo Hendrigo\AppData\Local\Programs\MiKTeX\tex/latex/hyperref\hpdft
ex.def
File: hpdftex.def 2023-02-07 v7.00v Hyperref driver for pdfTeX

(C:\Users\Pablo Hendrigo\AppData\Local\Programs\MiKTeX\tex/latex/base\atveryend
-ltx.sty
Package: atveryend-ltx 2020/08/19 v1.0a Emulation of the original atveryend pac
kage
with kernel methods
)
\Fld@listcount=\count288
\c@bookmark@seq@number=\count289

(C:\Users\Pablo Hendrigo\AppData\Local\Programs\MiKTeX\tex/latex/rerunfilecheck
\rerunfilecheck.sty
Package: rerunfilecheck 2022-07-10 v1.10 Rerun checks for auxiliary files (HO)

(C:\Users\Pablo Hendrigo\AppData\Local\Programs\MiKTeX\tex/generic/uniquecounte
r\uniquecounter.sty
Package: uniquecounter 2019/12/15 v1.4 Provide unlimited unique counter (HO)
)
Package uniquecounter Info: New unique counter `rerunfilecheck' on input line 2
85.
)
\Hy@SectionHShift=\skip58
)
Package hyperref Info: Option `colorlinks' set `true' on input line 390.
Package hyperref Info: Option `linktocpage' set `true' on input line 390.
Package hyperref Info: Option `plainpages' set `false' on input line 390.
)
(C:\Users\Pablo Hendrigo\AppData\Local\Programs\MiKTeX\tex/latex/base\makeidx.s
ty
Package: makeidx 2021/10/04 v1.0m Standard LaTeX package
)
(C:\Users\Pablo Hendrigo\AppData\Local\Programs\MiKTeX\tex/latex/base\inputenc.
sty
Package: inputenc 2021/02/14 v1.3d Input encoding file
\inpenc@prehook=\toks26
\inpenc@posthook=\toks27
)
\@indexfile=\write3
\openout3 = `Rd2.idx'.


Writing index file Rd2.idx
LaTeX Font Info:    Trying to load font information for T1+ptm on input line 8.


(C:\Users\Pablo Hendrigo\AppData\Local\Programs\MiKTeX\tex/latex/psnfss\t1ptm.f
d
File: t1ptm.fd 2001/06/04 font definitions for T1/ptm.
)
(C:\Users\Pablo Hendrigo\AppData\Local\Programs\MiKTeX\tex/latex/l3backend\l3ba
ckend-pdftex.def
File: l3backend-pdftex.def 2023-03-30 L3 backend support: PDF output (pdfTeX)
\l__color_backend_stack_int=\count290
\l__pdf_internal_box=\box58
) (Rd2.aux)
\openout1 = `Rd2.aux'.

LaTeX Font Info:    Checking defaults for OML/cmm/m/it on input line 8.
LaTeX Font Info:    ... okay on input line 8.
LaTeX Font Info:    Checking defaults for OMS/cmsy/m/n on input line 8.
LaTeX Font Info:    ... okay on input line 8.
LaTeX Font Info:    Checking defaults for OT1/cmr/m/n on input line 8.
LaTeX Font Info:    ... okay on input line 8.
LaTeX Font Info:    Checking defaults for T1/cmr/m/n on input line 8.
LaTeX Font Info:    ... okay on input line 8.
LaTeX Font Info:    Checking defaults for TS1/cmr/m/n on input line 8.
LaTeX Font Info:    ... okay on input line 8.
LaTeX Font Info:    Checking defaults for OMX/cmex/m/n on input line 8.
LaTeX Font Info:    ... okay on input line 8.
LaTeX Font Info:    Checking defaults for U/cmr/m/n on input line 8.
LaTeX Font Info:    ... okay on input line 8.
LaTeX Font Info:    Checking defaults for PD1/pdf/m/n on input line 8.
LaTeX Font Info:    ... okay on input line 8.
LaTeX Font Info:    Checking defaults for PU/pdf/m/n on input line 8.
LaTeX Font Info:    ... okay on input line 8.

(C:\Users\Pablo Hendrigo\AppData\Local\Programs\MiKTeX\tex/context/base/mkii\su
pp-pdf.mkii
[Loading MPS to PDF converter (version 2006.09.02).]
\scratchcounter=\count291
\scratchdimen=\dimen155
\scratchbox=\box59
\nofMPsegments=\count292
\nofMParguments=\count293
\everyMPshowfont=\toks28
\MPscratchCnt=\count294
\MPscratchDim=\dimen156
\MPnumerator=\count295
\makeMPintoPDFobject=\count296
\everyMPtoPDFconversion=\toks29
)
Package hyperref Info: Link coloring ON on input line 8.
 (Rd2.out) (Rd2.out)
\@outlinefile=\write4
\openout4 = `Rd2.out'.

LaTeX Font Info:    Trying to load font information for T1+zi4 on input line 23
.

(C:\Users\Pablo Hendrigo\AppData\Local\Programs\MiKTeX\tex/latex/inconsolata\t1
zi4.fd
File: t1zi4.fd 2018/01/14 T1/zi4 (Inconsolata)
)
LaTeX Font Info:    Font shape `T1/zi4/m/n' will be
(Font)              scaled to size 10.0pt on input line 23.
LaTeX Font Info:    Trying to load font information for T1+phv on input line 52
.

(C:\Users\Pablo Hendrigo\AppData\Local\Programs\MiKTeX\tex/latex/psnfss\t1phv.f
d
File: t1phv.fd 2020/03/25 scalable font definitions for T1/phv.
) (Rd2.toc
LaTeX Font Info:    Trying to load font information for U+msa on input line 1.

(C:\Users\Pablo Hendrigo\AppData\Local\Programs\MiKTeX\tex/latex/amsfonts\umsa.
fd
File: umsa.fd 2013/01/14 v3.01 AMS symbols A
)
LaTeX Font Info:    Trying to load font information for U+msb on input line 1.

(C:\Users\Pablo Hendrigo\AppData\Local\Programs\MiKTeX\tex/latex/amsfonts\umsb.
fd
File: umsb.fd 2013/01/14 v3.01 AMS symbols B
)
LaTeX Font Info:    Trying to load font information for U+rsfs on input line 1.


(C:\Users\Pablo Hendrigo\AppData\Local\Programs\MiKTeX\tex/latex/jknappen\ursfs
.fd
File: ursfs.fd 1998/03/24 rsfs font definition file (jk)
) [1


{C:/Users/Pablo Hendrigo/AppData/Local/MiKTeX/fonts/map/pdftex/pdftex.map}{C:/U
sers/Pablo Hendrigo/AppData/Local/Programs/MiKTeX/fonts/enc/dvips/base/8r.enc}{
C:/Users/Pablo Hendrigo/AppData/Local/Programs/MiKTeX/fonts/enc/dvips/inconsola
ta/i4-t1-0.enc}])
\tf@toc=\write5
\openout5 = `Rd2.toc'.

LaTeX Font Info:    Font shape `T1/zi4/m/n' will be
(Font)              scaled to size 9.0pt on input line 91.
 [2]
LaTeX Font Info:    Trying to load font information for TS1+zi4 on input line 9
5.

(C:\Users\Pablo Hendrigo\AppData\Local\Programs\MiKTeX\tex/latex/inconsolata\ts
1zi4.fd
File: ts1zi4.fd 2018/01/14 TS1/zi4 (Inconsolata)
)
LaTeX Font Info:    Font shape `TS1/zi4/m/n' will be
(Font)              scaled to size 9.0pt on input line 95.

Overfull \hbox (153.10059pt too wide) in paragraph at lines 131--131
 []    \T1/zi4/m/n/10 "https://raw.githubusercontent.com/pablopains/parseGBIF/m
ain/collectorDictionary/CollectorsDictionary.csv",[] 
 []


Overfull \hbox (117.48546pt too wide) in paragraph at lines 141--142
\T1/ptm/m/n/10 https://raw.githubusercontent.com/pablopains/parseGBIF/main/coll
ectorDictionary/CollectorsDictionary.csv. 
 []

[3{C:/Users/Pablo Hendrigo/AppData/Local/Programs/MiKTeX/fonts/enc/dvips/incons
olata/i4-ts1.enc}]
Overfull \hbox (321.76555pt too wide) in paragraph at lines 183--183
 []\T1/zi4/m/n/9 occ <- prepare_gbif_occurrence_data(gbif_occurrece_file =  \TS
1/zi4/m/n/9 '\T1/zi4/m/n/9 https://raw.githubusercontent.com/pablopains/parseGB
IF/main/dataGBIF/Achatocarpaceae/occurrence.txt\TS1/zi4/m/n/9 '\T1/zi4/m/n/9 ,[
] 
 []


Overfull \hbox (399.5754pt too wide) in paragraph at lines 187--187
 []                                                                \T1/zi4/m/n/
9 collectorDictionary_file =  \TS1/zi4/m/n/9 '\T1/zi4/m/n/9 https://raw.githubu
sercontent.com/pablopains/parseGBIF/main/collectorDictionary/CollectorsDictiona
ry.csv\TS1/zi4/m/n/9 '\T1/zi4/m/n/9 )[] 
 []


Overfull \hbox (29.27475pt too wide) in paragraph at lines 192--192
 []\T1/zi4/m/n/9 collectorDictionary_checked_file <- paste0(tempdir(),\TS1/zi4/
m/n/9 '\T1/zi4/m/n/9 /\TS1/zi4/m/n/9 '\T1/zi4/m/n/9 ,\TS1/zi4/m/n/9 '\T1/zi4/m/
n/9 collectorsDictionaryFromDataset.csv\TS1/zi4/m/n/9 '\T1/zi4/m/n/9 )[] 
 []

[4]
Overfull \hbox (153.10059pt too wide) in paragraph at lines 233--233
 []    \T1/zi4/m/n/10 "https://raw.githubusercontent.com/pablopains/parseGBIF/m
ain/collectorDictionary/CollectorsDictionary.csv",[] 
 []


Overfull \hbox (117.48546pt too wide) in paragraph at lines 243--244
\T1/ptm/m/n/10 https://raw.githubusercontent.com/pablopains/parseGBIF/main/coll
ectorDictionary/CollectorsDictionary.csv. 
 []

[5]
Overfull \hbox (321.76555pt too wide) in paragraph at lines 285--285
 []\T1/zi4/m/n/9 occ <- prepare_gbif_occurrence_data(gbif_occurrece_file =  \TS
1/zi4/m/n/9 '\T1/zi4/m/n/9 https://raw.githubusercontent.com/pablopains/parseGB
IF/main/dataGBIF/Achatocarpaceae/occurrence.txt\TS1/zi4/m/n/9 '\T1/zi4/m/n/9 ,[
] 
 []


Overfull \hbox (399.5754pt too wide) in paragraph at lines 289--289
 []                                                                \T1/zi4/m/n/
9 collectorDictionary_file =  \TS1/zi4/m/n/9 '\T1/zi4/m/n/9 https://raw.githubu
sercontent.com/pablopains/parseGBIF/main/collectorDictionary/CollectorsDictiona
ry.csv\TS1/zi4/m/n/9 '\T1/zi4/m/n/9 )[] 
 []


Overfull \hbox (29.27475pt too wide) in paragraph at lines 294--294
 []\T1/zi4/m/n/9 collectorDictionary_checked_file <- paste0(tempdir(),\TS1/zi4/
m/n/9 '\T1/zi4/m/n/9 /\TS1/zi4/m/n/9 '\T1/zi4/m/n/9 ,\TS1/zi4/m/n/9 '\T1/zi4/m/
n/9 collectorsDictionaryFromDataset.csv\TS1/zi4/m/n/9 '\T1/zi4/m/n/9 )[] 
 []

[6]
Overfull \hbox (90.78088pt too wide) in paragraph at lines 364--364
 []\T1/zi4/m/n/9 download_gbif_data_from_doi(gbif_doi_url=\TS1/zi4/m/n/9 '\T1/z
i4/m/n/9 https://www.gbif.org/occurrence/download/0151470-230224095556074\TS1/z
i4/m/n/9 '\T1/zi4/m/n/9 ,[] 
 []

[7]
LaTeX Font Info:    Trying to load font information for TS1+ptm on input line 4
13.

(C:\Users\Pablo Hendrigo\AppData\Local\Programs\MiKTeX\tex/latex/psnfss\ts1ptm.
fd
File: ts1ptm.fd 2001/06/04 font definitions for TS1/ptm.
)
Overfull \hbox (8.35692pt too wide) in paragraph at lines 429--430
[]\T1/ptm/m/n/10 parseGBIF_sample_taxon_name = sci-en-tific name cho-sen as tax
-o-nomic iden-ti-fi-ca-tion for unique
 []

[8] [9]
Overfull \hbox (9.76044pt too wide) in paragraph at lines 501--501
 []  \T1/zi4/m/n/10 fields_to_parse = c("Ctrl_gbifID", "Ctrl_bibliographicCitat
ion", "Ctrl_language",[] 
 []


Overfull \hbox (28.09036pt too wide) in paragraph at lines 503--503
 []    \T1/zi4/m/n/10 "Ctrl_basisOfRecord", "Ctrl_catalogNumber", "Ctrl_recordN
umber", "Ctrl_recordedBy",[] 
 []


Overfull \hbox (16.42029pt too wide) in paragraph at lines 504--504
 []    \T1/zi4/m/n/10 "Ctrl_occurrenceStatus", "Ctrl_eventDate", "Ctrl_year", "
Ctrl_month", "Ctrl_day",[] 
 []


Overfull \hbox (14.76044pt too wide) in paragraph at lines 510--510
 []    \T1/zi4/m/n/10 "Ctrl_decimalLatitude", "Ctrl_decimalLongitude", "Ctrl_na
meRecordedBy_Standard",[] 
 []


Overfull \hbox (19.76044pt too wide) in paragraph at lines 512--512
 []    \T1/zi4/m/n/10 "Ctrl_geospatial_quality", "Ctrl_verbatim_quality", "Ctrl
_moreInformativeRecord",[] 
 []


Overfull \hbox (34.76044pt too wide) in paragraph at lines 513--513
 []    \T1/zi4/m/n/10 "Ctrl_coordinates_validated_by_gbif_issue", "wcvp_plant_n
ame_id", "wcvp_taxon_rank",[] 
 []


Overfull \hbox (6.43051pt too wide) in paragraph at lines 518--518
 []    \T1/zi4/m/n/10 "parseGBIF_non_groupable_duplicates", "parseGBIF_duplicat
es_grouping_status"),[] 
 []

[10]
Overfull \hbox (31.5765pt too wide) in paragraph at lines 554--556
[]\T1/ptm/b/n/10 unusable_data_merge \T1/ptm/m/n/10 Merged Unique col-lec-tion 
events in-com-plete, It is NA if merge_unusable_data
 []


Overfull \hbox (15.91656pt too wide) in paragraph at lines 560--561
[]\T1/ptm/b/n/10 parseGBIF_merge_fields_summary_unusable_data \T1/ptm/m/n/10 It
 is NA if merge_unusable_data is FALSE 
 []

[11]
Overfull \hbox (8.35692pt too wide) in paragraph at lines 607--608
[]\T1/ptm/m/n/10 parseGBIF_sample_taxon_name = sci-en-tific name cho-sen as tax
-o-nomic iden-ti-fi-ca-tion for unique
 []

[12]
Overfull \hbox (9.76044pt too wide) in paragraph at lines 679--679
 []  \T1/zi4/m/n/10 fields_to_parse = c("Ctrl_gbifID", "Ctrl_bibliographicCitat
ion", "Ctrl_language",[] 
 []


Overfull \hbox (28.09036pt too wide) in paragraph at lines 681--681
 []    \T1/zi4/m/n/10 "Ctrl_basisOfRecord", "Ctrl_catalogNumber", "Ctrl_recordN
umber", "Ctrl_recordedBy",[] 
 []


Overfull \hbox (16.42029pt too wide) in paragraph at lines 682--682
 []    \T1/zi4/m/n/10 "Ctrl_occurrenceStatus", "Ctrl_eventDate", "Ctrl_year", "
Ctrl_month", "Ctrl_day",[] 
 []

[13]
Overfull \hbox (33.09036pt too wide) in paragraph at lines 687--687
 []    \T1/zi4/m/n/10 "Ctrl_identifiedBy", "Ctrl_dateIdentified", "Ctrl_scienti
ficName", "Ctrl_taxonRank",[] 
 []


Overfull \hbox (14.76044pt too wide) in paragraph at lines 688--688
 []    \T1/zi4/m/n/10 "Ctrl_decimalLatitude", "Ctrl_decimalLongitude", "Ctrl_na
meRecordedBy_Standard",[] 
 []


Overfull \hbox (19.76044pt too wide) in paragraph at lines 690--690
 []    \T1/zi4/m/n/10 "Ctrl_geospatial_quality", "Ctrl_verbatim_quality", "Ctrl
_moreInformativeRecord",[] 
 []


Overfull \hbox (34.76044pt too wide) in paragraph at lines 691--691
 []    \T1/zi4/m/n/10 "Ctrl_coordinates_validated_by_gbif_issue", "wcvp_plant_n
ame_id", "wcvp_taxon_rank",[] 
 []


Overfull \hbox (14.76044pt too wide) in paragraph at lines 695--695
 []    \T1/zi4/m/n/10 "parseGBIF_digital_voucher", "parseGBIF_duplicates", "par
seGBIF_num_duplicates",[] 
 []


Overfull \hbox (1.43051pt too wide) in paragraph at lines 696--696
 []    \T1/zi4/m/n/10 "parseGBIF_non_groupable_duplicates", "parseGBIF_duplicat
es_grouping_status",[] 
 []


Overfull \hbox (39.76044pt too wide) in paragraph at lines 703--703
 []    \T1/zi4/m/n/10 "parseGBIF_wcvp_family", "parseGBIF_wcvp_taxon_name", "pa
rseGBIF_wcvp_taxon_authors",[] 
 []

[14]
Overfull \hbox (31.5765pt too wide) in paragraph at lines 740--742
[]\T1/ptm/b/n/10 unusable_data_merge \T1/ptm/m/n/10 Merged Unique col-lec-tion 
events in-com-plete, It is NA if merge_unusable_data
 []


Overfull \hbox (15.91656pt too wide) in paragraph at lines 746--747
[]\T1/ptm/b/n/10 parseGBIF_merge_fields_summary_unusable_data \T1/ptm/m/n/10 It
 is NA if merge_unusable_data is FALSE 
 []

[15]
Overfull \hbox (105.77475pt too wide) in paragraph at lines 841--841
 []\T1/zi4/m/n/9 occ_file <- \TS1/zi4/m/n/9 '\T1/zi4/m/n/9 https://raw.githubus
ercontent.com/pablopains/ParsGBIF/main/dataGBIF/Achatocarpaceae/occurrence.txt\
TS1/zi4/m/n/9 '[] 
 []

[16]
Overfull \hbox (153.10059pt too wide) in paragraph at lines 889--889
 []    \T1/zi4/m/n/10 "https://raw.githubusercontent.com/pablopains/parseGBIF/m
ain/collectorDictionary/CollectorsDictionary.csv",[] 
 []


Overfull \hbox (117.48546pt too wide) in paragraph at lines 903--904
\T1/ptm/m/n/10 https://raw.githubusercontent.com/pablopains/parseGBIF/main/coll
ectorDictionary/CollectorsDictionary.csv. 
 []


Overfull \hbox (143.2764pt too wide) in paragraph at lines 910--915
[]\T1/ptm/m/n/10 Fields cre-ated for each in-ci-dent record: nameRe-cord-edBy_S
tandard, record-Num-ber_Standard, key_family_recordedBy_recordNumber,
 []

[17]
Overfull \hbox (92.09073pt too wide) in paragraph at lines 939--939
 []                                                              \T1/zi4/m/n/9 
collectorDictionary_checked_file=\TS1/zi4/m/n/9 '\T1/zi4/m/n/9 collectorDiction
ary_checked.csv\TS1/zi4/m/n/9 '\T1/zi4/m/n/9 )[] 
 []

[18] [19] [20]
Overfull \hbox (105.77475pt too wide) in paragraph at lines 1109--1109
 []\T1/zi4/m/n/9 occ_file <- \TS1/zi4/m/n/9 '\T1/zi4/m/n/9 https://raw.githubus
ercontent.com/pablopains/ParsGBIF/main/dataGBIF/Achatocarpaceae/occurrence.txt\
TS1/zi4/m/n/9 '[] 
 []

[21] [22]
Overfull \hbox (29.05392pt too wide) in paragraph at lines 1245--1245
 []                                                                        \T1/
zi4/m/n/9 occ_gbif_issue = res_gbif_issue$occ_gbif_issue,[] 
 []


Overfull \hbox (92.05392pt too wide) in paragraph at lines 1246--1246
 []                                                                        \T1/
zi4/m/n/9 occ_wcvp_check_name = res_checkName_wcvp$occ_wcvp_check_name,[] 
 []


Overfull \hbox (164.05392pt too wide) in paragraph at lines 1247--1247
 []                                                                        \T1/
zi4/m/n/9 occ_collectorsDictionary = res_collectorsDictionary$occ_collectorsDic
tionary,[] 
 []


Overfull \hbox (6.55392pt too wide) in paragraph at lines 1248--1248
 []                                                                        \T1/
zi4/m/n/9 enumOccurrenceIssue = EnumOccurrenceIssue)[] 
 []

[23] [24]
Overfull \hbox (29.05392pt too wide) in paragraph at lines 1383--1383
 []                                                                        \T1/
zi4/m/n/9 occ_gbif_issue = res_gbif_issue$occ_gbif_issue,[] 
 []


Overfull \hbox (92.05392pt too wide) in paragraph at lines 1384--1384
 []                                                                        \T1/
zi4/m/n/9 occ_wcvp_check_name = res_checkName_wcvp$occ_wcvp_check_name,[] 
 []


Overfull \hbox (164.05392pt too wide) in paragraph at lines 1385--1385
 []                                                                        \T1/
zi4/m/n/9 occ_collectorsDictionary = res_collectorsDictionary$occ_collectorsDic
tionary,[] 
 []


Overfull \hbox (6.55392pt too wide) in paragraph at lines 1386--1386
 []                                                                        \T1/
zi4/m/n/9 enumOccurrenceIssue = EnumOccurrenceIssue)[] 
 []

[25] [26] [27]
Overfull \hbox (29.05392pt too wide) in paragraph at lines 1521--1521
 []                                                                        \T1/
zi4/m/n/9 occ_gbif_issue = res_gbif_issue$occ_gbif_issue,[] 
 []


Overfull \hbox (92.05392pt too wide) in paragraph at lines 1522--1522
 []                                                                        \T1/
zi4/m/n/9 occ_wcvp_check_name = res_checkName_wcvp$occ_wcvp_check_name,[] 
 []


Overfull \hbox (164.05392pt too wide) in paragraph at lines 1523--1523
 []                                                                        \T1/
zi4/m/n/9 occ_collectorsDictionary = res_collectorsDictionary$occ_collectorsDic
tionary,[] 
 []


Overfull \hbox (6.55392pt too wide) in paragraph at lines 1524--1524
 []                                                                        \T1/
zi4/m/n/9 enumOccurrenceIssue = EnumOccurrenceIssue)[] 
 []

[28] [29] [30] [31] [32] [33] [34] [35]
Overfull \hbox (37.12639pt too wide) in paragraph at lines 1936--1937
[]\T1/ptm/m/n/10 WCVP ta-ble, wcvp_names.csv file from http://sftp.kew.org/pub/
data-repositories/WCVP/
 []

[36]
Overfull \hbox (3.13762pt too wide) in paragraph at lines 1953--1959
\T1/ptm/m/n/10 "Ac-cepted", ver-i-fied_speciesName = num-ber of matches/100. Be
-fore search-ing for homonyms,
 []


Overfull \hbox (77.79578pt too wide) in paragraph at lines 1961--1963
\T1/ptm/m/n/10 dif-fer-ent from the ID of the species con-sulted) taxon_status_
of_searchedName, plant_name_id_of_searchedName
 []


Overfull \hbox (5.7985pt too wide) in paragraph at lines 1974--1975
\T1/ptm/m/n/10 en-tific name in TAXON_name and au-thor, with-out (com-bi-na-tio
n), in TAXON_AUTHORS. 
 []

[37]
Overfull \hbox (110.21954pt too wide) in paragraph at lines 2023--2023
 []\T1/zi4/m/n/9 # 4) Accepted among homonyms - When author is not informed. In
 this case, one of the homonyms, taxon_status is accepted[] 
 []


Overfull \hbox (50.22568pt too wide) in paragraph at lines 2038--2038
 []\T1/zi4/m/n/9 # 5) Homonyms - When author is not informed. In this case, non
e of the homonyms, taxon_status is Accepted[] 
 []

[38]
Overfull \hbox (49.72766pt too wide) in paragraph at lines 2080--2082
[]\T1/ptm/m/n/10 get data frame in parseG-BIF::wcvp_get_data(read_only_to_memor
y = TRUE)$wcvp_names
 []

[39]
Overfull \hbox (110.27475pt too wide) in paragraph at lines 2129--2129
 []\T1/zi4/m/n/9 occ_file <- \TS1/zi4/m/n/9 '\T1/zi4/m/n/9 https://raw.githubus
ercontent.com/pablopains/parseGBIF/main/dataGBIF/Achatocarpaceae/occurrence.txt
\TS1/zi4/m/n/9 '[] 
 []

[40]
Overfull \hbox (16.92719pt too wide) in paragraph at lines 2185--2186
[]\T1/ptm/m/n/10 TRUE to load file with ge-o-graph-i-cal dis-tri-bu-tion of spe
cies, if read_only_to_memory
 []

[41]
Overfull \hbox (16.92719pt too wide) in paragraph at lines 2267--2268
[]\T1/ptm/m/n/10 TRUE to load file with ge-o-graph-i-cal dis-tri-bu-tion of spe
cies, if read_only_to_memory
 []

[42] (Rd2.ind [43] [44


]) (Rd2.aux)

Package rerunfilecheck Warning: File `Rd2.out' has changed.
(rerunfilecheck)                Rerun to get outlines right
(rerunfilecheck)                or use package `bookmark'.

Package rerunfilecheck Info: Checksums for `Rd2.out':
(rerunfilecheck)             Before: 90199B7E35D55987639853829C1433A1;3837
(rerunfilecheck)             After:  5A9CA5E5E5BFEA60CC4CA697336E9A20;3904.
 ) 
Here is how much of TeX's memory you used:
 10697 strings out of 476331
 169217 string characters out of 5783481
 1865660 words of memory out of 5000000
 30675 multiletter control sequences out of 15000+600000
 549333 words of font info for 78 fonts, out of 8000000 for 9000
 1141 hyphenation exceptions out of 8191
 92i,6n,92p,545b,730s stack positions out of 10000i,1000n,20000p,200000b,200000s

pdfTeX warning (dest): name{Rfn.checkName.Rul.wcvp} has been referenced but doe
s not exist, replaced by a fixed one


pdfTeX warning (dest): name{Rfn.get.Rul.wcvp} has been referenced but does not 
exist, replaced by a fixed one


pdfTeX warning (dest): name{Rfn.prepare.Rul.collectorsDictionary} has been refe
renced but does not exist, replaced by a fixed one


pdfTeX warning (dest): name{Rfn.batch.Rul.checkName.Rul.wcvp} has been referenc
ed but does not exist, replaced by a fixed one


pdfTeX warning (dest): name{Rfn.collectors.Rul.update.Rul.dictionary} has been 
referenced but does not exist, replaced by a fixed one

<C:/Users/Pablo Hendrigo/AppData/Local/Programs/MiKTeX/fonts/type1/public/incon
solata/Inconsolata-zi4r.pfb><C:/Users/Pablo Hendrigo/AppData/Local/Programs/MiK
TeX/fonts/type1/public/amsfonts/cm/cmsy10.pfb><C:/Users/Pablo Hendrigo/AppData/
Local/Programs/MiKTeX/fonts/type1/urw/helvetic/uhvr8a.pfb><C:/Users/Pablo Hendr
igo/AppData/Local/Programs/MiKTeX/fonts/type1/urw/times/utmb8a.pfb><C:/Users/Pa
blo Hendrigo/AppData/Local/Programs/MiKTeX/fonts/type1/urw/times/utmr8a.pfb><C:
/Users/Pablo Hendrigo/AppData/Local/Programs/MiKTeX/fonts/type1/urw/times/utmr8
a.pfb><C:/Users/Pablo Hendrigo/AppData/Local/Programs/MiKTeX/fonts/type1/urw/ti
mes/utmri8a.pfb>
Output written on Rd2.pdf (44 pages, 250686 bytes).
PDF statistics:
 701 PDF objects out of 1000 (max. 8388607)
 262 named destinations out of 1000 (max. 500000)
 169 words of extra memory for PDF output out of 10000 (max. 10000000)

