\BOOKMARK [1][-]{Rfn.collectors.Rul.get.Rul.name.1}{\376\377\000c\000o\000l\000l\000e\000c\000t\000o\000r\000s\000\137\000g\000e\000t\000\137\000n\000a\000m\000e}{}% 1
\BOOKMARK [1][-]{Rfn.collectors.Rul.prepare.Rul.dictionary.1}{\376\377\000c\000o\000l\000l\000e\000c\000t\000o\000r\000s\000\137\000p\000r\000e\000p\000a\000r\000e\000\137\000d\000i\000c\000t\000i\000o\000n\000a\000r\000y}{}% 2
\BOOKMARK [1][-]{Rfn.collectors.Rul.prepare.Rul.dictionary.Rul.v2.1}{\376\377\000c\000o\000l\000l\000e\000c\000t\000o\000r\000s\000\137\000p\000r\000e\000p\000a\000r\000e\000\137\000d\000i\000c\000t\000i\000o\000n\000a\000r\000y\000\137\000v\0002}{}% 3
\BOOKMARK [1][-]{Rfn.download.Rul.gbif.Rul.data.Rul.from.Rul.doi.1}{\376\377\000d\000o\000w\000n\000l\000o\000a\000d\000\137\000g\000b\000i\000f\000\137\000d\000a\000t\000a\000\137\000f\000r\000o\000m\000\137\000d\000o\000i}{}% 4
\BOOKMARK [1][-]{Rfn.EnumOccurrenceIssue.1}{\376\377\000E\000n\000u\000m\000O\000c\000c\000u\000r\000r\000e\000n\000c\000e\000I\000s\000s\000u\000e}{}% 5
\BOOKMARK [1][-]{Rfn.export.Rul.data.1}{\376\377\000e\000x\000p\000o\000r\000t\000\137\000d\000a\000t\000a}{}% 6
\BOOKMARK [1][-]{Rfn.export.Rul.data.Rul.v2.3.1}{\376\377\000e\000x\000p\000o\000r\000t\000\137\000d\000a\000t\000a\000\137\000v\0002\000.\0003}{}% 7
\BOOKMARK [1][-]{Rfn.extract.Rul.gbif.Rul.issue.1}{\376\377\000e\000x\000t\000r\000a\000c\000t\000\137\000g\000b\000i\000f\000\137\000i\000s\000s\000u\000e}{}% 8
\BOOKMARK [1][-]{Rfn.generate.Rul.collection.Rul.event.Rul.key.1}{\376\377\000g\000e\000n\000e\000r\000a\000t\000e\000\137\000c\000o\000l\000l\000e\000c\000t\000i\000o\000n\000\137\000e\000v\000e\000n\000t\000\137\000k\000e\000y}{}% 9
\BOOKMARK [1][-]{Rfn.parseGBIF.Rul.app.1}{\376\377\000p\000a\000r\000s\000e\000G\000B\000I\000F\000\137\000a\000p\000p}{}% 10
\BOOKMARK [1][-]{Rfn.parseGBIF.Rul.summary.1}{\376\377\000p\000a\000r\000s\000e\000G\000B\000I\000F\000\137\000s\000u\000m\000m\000a\000r\000y}{}% 11
\BOOKMARK [1][-]{Rfn.prepare.Rul.gbif.Rul.occurrence.Rul.data.1}{\376\377\000p\000r\000e\000p\000a\000r\000e\000\137\000g\000b\000i\000f\000\137\000o\000c\000c\000u\000r\000r\000e\000n\000c\000e\000\137\000d\000a\000t\000a}{}% 12
\BOOKMARK [1][-]{Rfn.select.Rul.digital.Rul.voucher.1}{\376\377\000s\000e\000l\000e\000c\000t\000\137\000d\000i\000g\000i\000t\000a\000l\000\137\000v\000o\000u\000c\000h\000e\000r}{}% 13
\BOOKMARK [1][-]{Rfn.select.Rul.digital.Rul.voucher.Rul.v2.1.1}{\376\377\000s\000e\000l\000e\000c\000t\000\137\000d\000i\000g\000i\000t\000a\000l\000\137\000v\000o\000u\000c\000h\000e\000r\000\137\000v\0002\000.\0001}{}% 14
\BOOKMARK [1][-]{Rfn.select.Rul.digital.Rul.voucher.Rul.v2.2.1}{\376\377\000s\000e\000l\000e\000c\000t\000\137\000d\000i\000g\000i\000t\000a\000l\000\137\000v\000o\000u\000c\000h\000e\000r\000\137\000v\0002\000.\0002}{}% 15
\BOOKMARK [1][-]{Rfn.select.Rul.gbif.Rul.fields.1}{\376\377\000s\000e\000l\000e\000c\000t\000\137\000g\000b\000i\000f\000\137\000f\000i\000e\000l\000d\000s}{}% 16
\BOOKMARK [1][-]{Rfn.standardize.Rul.scientificName.1}{\376\377\000s\000t\000a\000n\000d\000a\000r\000d\000i\000z\000e\000\137\000s\000c\000i\000e\000n\000t\000i\000f\000i\000c\000N\000a\000m\000e}{}% 17
\BOOKMARK [1][-]{Rfn.wcvp.Rul.check.Rul.name.1}{\376\377\000w\000c\000v\000p\000\137\000c\000h\000e\000c\000k\000\137\000n\000a\000m\000e}{}% 18
\BOOKMARK [1][-]{Rfn.wcvp.Rul.check.Rul.name.Rul.batch.1}{\376\377\000w\000c\000v\000p\000\137\000c\000h\000e\000c\000k\000\137\000n\000a\000m\000e\000\137\000b\000a\000t\000c\000h}{}% 19
\BOOKMARK [1][-]{Rfn.wcvp.Rul.get.Rul.data.1}{\376\377\000w\000c\000v\000p\000\137\000g\000e\000t\000\137\000d\000a\000t\000a}{}% 20
\BOOKMARK [1][-]{Rfn.wcvp.Rul.get.Rul.data.Rul.v2.1.1}{\376\377\000w\000c\000v\000p\000\137\000g\000e\000t\000\137\000d\000a\000t\000a\000\137\000v\0002\000.\0001}{}% 21
\BOOKMARK [0][-]{index.0}{\376\377\000I\000n\000d\000e\000x}{}% 22
